# ELBREAD: Elaboration process.
# ELBREAD: Elaboration time 0.0 [s].
SetActiveLib -work
comp -include "$dsn\src\maze.vhd" 
# File: C:/My_Designs/last_project_maze/maze_randome/src/maze.vhd
# Compile Entity "MazeGenerator"
# Compile Architecture "Behavioral" of Entity "MazeGenerator"
# Compile success 0 Errors 0 Warnings  Analysis time :  0.1 [s]
comp -include "$dsn\src\TestBench\mazegenerator_TB.vhd" 
# File: C:/My_Designs/last_project_maze/maze_randome/src/TestBench/mazegenerator_TB.vhd
# Compile Entity "mazegenerator_tb"
# Compile Architecture "TB_ARCHITECTURE" of Entity "mazegenerator_tb"
# Compile Configuration "TESTBENCH_FOR_mazegenerator"
# Compile success 0 Errors 0 Warnings  Analysis time :  94.0 [ms]
asim +access +r TESTBENCH_FOR_mazegenerator 
# ELBREAD: Elaboration process.
# ELBREAD: Elaboration time 0.0 [s].
# VSIM: Stack memory: 32MB
# VSIM: Retval memory: 32MB
# KERNEL: Main thread initiated.
# KERNEL: Kernel process initialization phase.
# ELAB2: Elaboration final pass...
# ELAB2: Create instances ...
# KERNEL: Time resolution set to 1ps.
# ELAB2: Create instances complete.
# SLP: Started
# SLP: Elaboration phase ...
# SLP: Elaboration phase ... skipped, nothing to simulate in SLP mode : 0.0 [s]
# SLP: Finished : 0.0 [s]
# ELAB2: Elaboration final pass complete - time: 0.0 [s].
# KERNEL: Kernel process initialization done.
# Allocation: Simulator allocated 6627 kB (elbread=427 elab2=6055 kernel=145 sdf=0)
# KERNEL: ASDB file was created in location C:\My_Designs\last_project_maze\maze_randome\src\wave.asdb
#  1:50 AM, Tuesday, January 21, 2025
#  Simulation has been initialized
wave 
wave -noreg clk
wave -noreg reset
wave -noreg done_maze
wave -noreg maze_out
# # The following lines can be used for timing simulation
# # acom <backannotated_vhdl_file_name>
# # comp -include "$dsn\src\TestBench\mazegenerator_TB_tim_cfg.vhd" 
# # asim +access +r TIMING_FOR_mazegenerator 
# VSIM: 4 object(s) traced.
# Waveform file 'untitled.awc' connected to 'C:/My_Designs/last_project_maze/maze_randome/src/wave.asdb'.
run 100 ns
# KERNEL: stopped at time: 100 ns
run 100 ns
# KERNEL: stopped at time: 200 ns
run 100 ns
# KERNEL: stopped at time: 300 ns
run 100 ns
# KERNEL: stopped at time: 400 ns
run 100 ns
# RUNTIME: Fatal Error: RUNTIME_0047 maze.vhd (157): Index -1 out of range (0 to 8).
# KERNEL: Time: 495 ns,  Iteration: 1,  Instance: /mazegenerator_tb/UUT,  Process: line__80.
# KERNEL: Stopped at time 495 ns + 1.
# VSIM: Error: Fatal error occurred during simulation.
run 100 ns
acom -dbg -e 100 -work maze_randome -2002  $dsn/src/maze.vhd
# File: C:/My_Designs/last_project_maze/maze_randome/src/maze.vhd
# Compile Entity "MazeGenerator"
# Compile Architecture "Behavioral" of Entity "MazeGenerator"
# Compile success 0 Errors 0 Warnings  Analysis time :  0.1 [s]
acom -dbg -e 100 -work maze_randome -2002  $dsn/src/maze.vhd $dsn/src/package_maz.vhd $dsn/src/TestBench/mazegenerator_TB.vhd
# File: C:/My_Designs/last_project_maze/maze_randome/src/maze.vhd
# Compile Entity "MazeGenerator"
# Compile Architecture "Behavioral" of Entity "MazeGenerator"
# File: C:/My_Designs/last_project_maze/maze_randome/src/package_maz.vhd
# Compile Package "maze_package"
# Compile Package Body "maze_package"
# File: C:/My_Designs/last_project_maze/maze_randome/src/TestBench/mazegenerator_TB.vhd
# Compile Entity "mazegenerator_tb"
# Compile Architecture "TB_ARCHITECTURE" of Entity "mazegenerator_tb"
# Compile Configuration "TESTBENCH_FOR_mazegenerator"
# Compile success 0 Errors 0 Warnings  Analysis time :  0.3 [s]
SetActiveLib -work
comp -include "$dsn\src\maze.vhd" 
# File: C:/My_Designs/last_project_maze/maze_randome/src/maze.vhd
# Compile Entity "MazeGenerator"
# Compile Architecture "Behavioral" of Entity "MazeGenerator"
# Compile success 0 Errors 0 Warnings  Analysis time :  0.1 [s]
comp -include "$dsn\src\TestBench\mazegenerator_TB.vhd" 
# File: C:/My_Designs/last_project_maze/maze_randome/src/TestBench/mazegenerator_TB.vhd
# Compile Entity "mazegenerator_tb"
# Compile Architecture "TB_ARCHITECTURE" of Entity "mazegenerator_tb"
# Compile Configuration "TESTBENCH_FOR_mazegenerator"
# Compile success 0 Errors 0 Warnings  Analysis time :  0.1 [s]
asim +access +r TESTBENCH_FOR_mazegenerator 
# VSIM: Simulation has finished.
# ELBREAD: Elaboration process.
# ELBREAD: Elaboration time 0.1 [s].
# VSIM: Stack memory: 32MB
# VSIM: Retval memory: 32MB
# KERNEL: Main thread initiated.
# KERNEL: Kernel process initialization phase.
# ELAB2: Elaboration final pass...
# ELAB2: Create instances ...
# KERNEL: Time resolution set to 1ps.
# ELAB2: Create instances complete.
# SLP: Started
# SLP: Elaboration phase ...
# SLP: Elaboration phase ... skipped, nothing to simulate in SLP mode : 0.0 [s]
# SLP: Finished : 0.0 [s]
# ELAB2: Elaboration final pass complete - time: 0.0 [s].
# KERNEL: Kernel process initialization done.
# Allocation: Simulator allocated 6631 kB (elbread=427 elab2=6057 kernel=146 sdf=0)
# KERNEL: ASDB file was created in location C:\My_Designs\last_project_maze\maze_randome\src\wave.asdb
#  2:02 AM, Tuesday, January 21, 2025
#  Simulation has been initialized
wave 
wave -noreg clk
wave -noreg reset
wave -noreg done_maze
wave -noreg maze_out
# # The following lines can be used for timing simulation
# # acom <backannotated_vhdl_file_name>
# # comp -include "$dsn\src\TestBench\mazegenerator_TB_tim_cfg.vhd" 
# # asim +access +r TIMING_FOR_mazegenerator 
# VSIM: 4 object(s) traced.
# Waveform file 'untitled.awc' connected to 'C:/My_Designs/last_project_maze/maze_randome/src/wave.asdb'.
run 100 ns
# KERNEL: stopped at time: 100 ns
run 100 ns
# KERNEL: stopped at time: 200 ns
run 100 ns
# KERNEL: stopped at time: 300 ns
run 100 ns
# KERNEL: stopped at time: 400 ns
run 100 ns
# KERNEL: stopped at time: 500 ns
run 100 ns
# KERNEL: stopped at time: 600 ns
run 100 ns
# KERNEL: stopped at time: 700 ns
run 100 ns
# KERNEL: stopped at time: 800 ns
run 100 ns
# KERNEL: stopped at time: 900 ns
run 100 ns
# KERNEL: stopped at time: 1 us
run 100 ns
# KERNEL: stopped at time: 1100 ns
run 100 ns
# KERNEL: stopped at time: 1200 ns
run 100 ns
# KERNEL: stopped at time: 1300 ns
run 100 ns
# KERNEL: stopped at time: 1400 ns
run 100 ns
# KERNEL: stopped at time: 1500 ns
run 100 ns
# KERNEL: stopped at time: 1600 ns
run 100 ns
# KERNEL: stopped at time: 1700 ns
run 100 ns
# KERNEL: stopped at time: 1800 ns
run 100 ns
# KERNEL: stopped at time: 1900 ns
run 100 ns
# KERNEL: stopped at time: 2 us
run 100 ns
# KERNEL: stopped at time: 2100 ns
run 100 ns
# KERNEL: stopped at time: 2200 ns
run 100 ns
# KERNEL: stopped at time: 2300 ns
run 100 ns
# KERNEL: stopped at time: 2400 ns
run 100 ns
# KERNEL: stopped at time: 2500 ns
run 100 ns
# KERNEL: stopped at time: 2600 ns
run 100 ns
# KERNEL: stopped at time: 2700 ns
run 100 ns
# EXECUTION:: NOTE   : Testbench finished: Maze generation complete!
# EXECUTION:: Time: 2785 ns,  Iteration: 0,  Instance: /mazegenerator_tb,  Process: stimulus_process.
# KERNEL: stopped at time: 2800 ns
run 100 ns
# KERNEL: stopped at time: 2900 ns
run 100 ns
# KERNEL: stopped at time: 3 us
run 100 ns
# KERNEL: stopped at time: 3100 ns
run 100 ns
# KERNEL: stopped at time: 3200 ns
run 100 ns
# KERNEL: stopped at time: 3300 ns
run 100 ns
# KERNEL: stopped at time: 3400 ns
run 100 ns
# KERNEL: stopped at time: 3500 ns
run 100 ns
# KERNEL: stopped at time: 3600 ns
run 100 ns
# KERNEL: stopped at time: 3700 ns
run 100 ns
# KERNEL: stopped at time: 3800 ns
run 100 ns
# KERNEL: stopped at time: 3900 ns
run 100 ns
# KERNEL: stopped at time: 4 us
run 100 ns
# KERNEL: stopped at time: 4100 ns
run 100 ns
# KERNEL: stopped at time: 4200 ns
run 100 ns
# KERNEL: stopped at time: 4300 ns
run 100 ns
# KERNEL: stopped at time: 4400 ns
run
endsim
# KERNEL: stopped at time: 1331875190 ns
# VSIM: Simulation has finished.
asim -O5 +access +r +m+testbench_for_mazegenerator testbench_for_mazegenerator
# ELBREAD: Elaboration process.
# ELBREAD: Elaboration time 0.0 [s].
# VSIM: Stack memory: 32MB
# VSIM: Retval memory: 32MB
# KERNEL: Main thread initiated.
# KERNEL: Kernel process initialization phase.
# ELAB2: Elaboration final pass...
# ELAB2: Create instances ...
# KERNEL: Time resolution set to 1ps.
# ELAB2: Create instances complete.
# SLP: Started
# SLP: Elaboration phase ...
# SLP: Elaboration phase ... skipped, nothing to simulate in SLP mode : 0.0 [s]
# SLP: Finished : 0.0 [s]
# ELAB2: Elaboration final pass complete - time: 0.0 [s].
# KERNEL: Kernel process initialization done.
# Allocation: Simulator allocated 6631 kB (elbread=427 elab2=6057 kernel=146 sdf=0)
# KERNEL: ASDB file was created in location C:\My_Designs\last_project_maze\maze_randome\src\wave.asdb
#  2:05 AM, Tuesday, January 21, 2025
#  Simulation has been initialized
# Waveform file 'untitled.awc' connected to 'C:/My_Designs/last_project_maze/maze_randome/src/wave.asdb'.
run 100 ns
# KERNEL: stopped at time: 100 ns
restart
# ELBREAD: Elaboration process.
# ELBREAD: Elaboration time 0.0 [s].
# KERNEL: Main thread initiated.
# KERNEL: Kernel process initialization phase.
# ELAB2: Elaboration final pass...
# ELAB2: Create instances ...
# KERNEL: Time resolution set to 1ps.
# ELAB2: Create instances complete.
# SLP: Started
# SLP: Elaboration phase ...
# SLP: Elaboration phase ... skipped, nothing to simulate in SLP mode : 0.0 [s]
# SLP: Finished : 0.0 [s]
# ELAB2: Elaboration final pass complete - time: 0.0 [s].
# KERNEL: Kernel process initialization done.
# Allocation: Simulator allocated 6631 kB (elbread=427 elab2=6057 kernel=146 sdf=0)
# KERNEL: ASDB file was created in location C:\My_Designs\last_project_maze\maze_randome\src\wave.asdb
#  2:05 AM, Tuesday, January 21, 2025
#  Simulation has been initialized
# Waveform file 'untitled.awc' connected to 'C:/My_Designs/last_project_maze/maze_randome/src/wave.asdb'.
run 100 ns
# KERNEL: stopped at time: 100 ns
SetActiveLib -work
comp -include "$dsn\src\maze.vhd" 
# File: C:/My_Designs/last_project_maze/maze_randome/src/maze.vhd
# Compile Entity "MazeGenerator"
# Compile Architecture "Behavioral" of Entity "MazeGenerator"
# Compile success 0 Errors 0 Warnings  Analysis time :  0.2 [s]
comp -include "$dsn\src\TestBench\mazegenerator_TB.vhd" 
# File: C:/My_Designs/last_project_maze/maze_randome/src/TestBench/mazegenerator_TB.vhd
# Compile Entity "mazegenerator_tb"
# Compile Architecture "TB_ARCHITECTURE" of Entity "mazegenerator_tb"
# Compile Configuration "TESTBENCH_FOR_mazegenerator"
# Compile success 0 Errors 0 Warnings  Analysis time :  62.0 [ms]
asim +access +r TESTBENCH_FOR_mazegenerator 
# VSIM: Simulation has finished.
# ELBREAD: Elaboration process.
# ELBREAD: Elaboration time 0.0 [s].
# VSIM: Stack memory: 32MB
# VSIM: Retval memory: 32MB
# KERNEL: Main thread initiated.
# KERNEL: Kernel process initialization phase.
# ELAB2: Elaboration final pass...
# ELAB2: Create instances ...
# KERNEL: Time resolution set to 1ps.
# ELAB2: Create instances complete.
# SLP: Started
# SLP: Elaboration phase ...
# SLP: Elaboration phase ... skipped, nothing to simulate in SLP mode : 0.0 [s]
# SLP: Finished : 0.0 [s]
# ELAB2: Elaboration final pass complete - time: 0.0 [s].
# KERNEL: Kernel process initialization done.
# Allocation: Simulator allocated 6631 kB (elbread=427 elab2=6057 kernel=146 sdf=0)
# KERNEL: ASDB file was created in location C:\My_Designs\last_project_maze\maze_randome\src\wave.asdb
#  2:05 AM, Tuesday, January 21, 2025
#  Simulation has been initialized
wave 
wave -noreg clk
wave -noreg reset
wave -noreg done_maze
wave -noreg maze_out
# # The following lines can be used for timing simulation
# # acom <backannotated_vhdl_file_name>
# # comp -include "$dsn\src\TestBench\mazegenerator_TB_tim_cfg.vhd" 
# # asim +access +r TIMING_FOR_mazegenerator 
# VSIM: 4 object(s) traced.
# Waveform file 'untitled.awc' connected to 'C:/My_Designs/last_project_maze/maze_randome/src/wave.asdb'.
run 100 ns
# KERNEL: stopped at time: 100 ns
run 100 ns
# KERNEL: stopped at time: 200 ns
run 100 ns
# KERNEL: stopped at time: 300 ns
run 100 ns
# KERNEL: stopped at time: 400 ns
run 100 ns
# KERNEL: stopped at time: 500 ns
run 100 ns
# KERNEL: stopped at time: 600 ns
run 100 ns
# KERNEL: stopped at time: 700 ns
run 100 ns
# KERNEL: stopped at time: 800 ns
run 100 ns
# KERNEL: stopped at time: 900 ns
run 100 ns
# KERNEL: stopped at time: 1 us
run 100 ns
# KERNEL: stopped at time: 1100 ns
run 100 ns
# KERNEL: stopped at time: 1200 ns
run 100 ns
# KERNEL: stopped at time: 1300 ns
run 100 ns
# KERNEL: stopped at time: 1400 ns
run 100 ns
# KERNEL: stopped at time: 1500 ns
run 100 ns
# KERNEL: stopped at time: 1600 ns
run 100 ns
# KERNEL: stopped at time: 1700 ns
run 100 ns
# KERNEL: stopped at time: 1800 ns
run 100 ns
# KERNEL: stopped at time: 1900 ns
run 100 ns
# KERNEL: stopped at time: 2 us
run 100 ns
# KERNEL: stopped at time: 2100 ns
run 100 ns
# KERNEL: stopped at time: 2200 ns
run 100 ns
# KERNEL: stopped at time: 2300 ns
run 100 ns
# KERNEL: stopped at time: 2400 ns
run 100 ns
# KERNEL: stopped at time: 2500 ns
run 100 ns
# KERNEL: stopped at time: 2600 ns
run 100 ns
# KERNEL: stopped at time: 2700 ns
run 100 ns
# EXECUTION:: NOTE   : Testbench finished: Maze generation complete!
# EXECUTION:: Time: 2785 ns,  Iteration: 0,  Instance: /mazegenerator_tb,  Process: stimulus_process.
# KERNEL: stopped at time: 2800 ns
run 100 ns
# KERNEL: stopped at time: 2900 ns
run 100 ns
# KERNEL: stopped at time: 3 us
run 100 ns
# KERNEL: stopped at time: 3100 ns
run @3.2us
# KERNEL: stopped at time: 3200 ns
run 100 ns
# KERNEL: stopped at time: 3300 ns
run 100 ns
# KERNEL: stopped at time: 3400 ns
run 100 ns
# KERNEL: stopped at time: 3500 ns
run 100 ns
# KERNEL: stopped at time: 3600 ns
run 100 ns
# KERNEL: stopped at time: 3700 ns
run 100 ns
# KERNEL: stopped at time: 3800 ns
run 100 ns
# KERNEL: stopped at time: 3900 ns
run 100 ns
# KERNEL: stopped at time: 4 us
run 100 ns
# KERNEL: stopped at time: 4100 ns
run 100 ns
# KERNEL: stopped at time: 4200 ns
run 100 ns
# KERNEL: stopped at time: 4300 ns
run 100 ns
# KERNEL: stopped at time: 4400 ns
run 100 ns
# KERNEL: stopped at time: 4500 ns
run 100 ns
# KERNEL: stopped at time: 4600 ns
run 100 ns
# KERNEL: stopped at time: 4700 ns
run 100 ns
# KERNEL: stopped at time: 4800 ns
run 100 ns
# KERNEL: stopped at time: 4900 ns
run 100 ns
# KERNEL: stopped at time: 5 us
run 100 ns
# KERNEL: stopped at time: 5100 ns
run 100 ns
# KERNEL: stopped at time: 5200 ns
run 100 ns
# KERNEL: stopped at time: 5300 ns
run 100 ns
# KERNEL: stopped at time: 5400 ns
run 100 ns
# KERNEL: stopped at time: 5500 ns
run 100 ns
# KERNEL: stopped at time: 5600 ns
run 100 ns
# KERNEL: stopped at time: 5700 ns
run 100 ns
# KERNEL: stopped at time: 5800 ns
run 100 ns
# KERNEL: stopped at time: 5900 ns
run 100 ns
# KERNEL: stopped at time: 6 us
run 100 ns
# KERNEL: stopped at time: 6100 ns
run 100 ns
# KERNEL: stopped at time: 6200 ns
run 100 ns
# KERNEL: stopped at time: 6300 ns
run 100 ns
# KERNEL: stopped at time: 6400 ns
run 100 ns
# KERNEL: stopped at time: 6500 ns
run 100 ns
# KERNEL: stopped at time: 6600 ns
run 100 ns
# KERNEL: stopped at time: 6700 ns
run 100 ns
# KERNEL: stopped at time: 6800 ns
run 100 ns
# KERNEL: stopped at time: 6900 ns
run 100 ns
# KERNEL: stopped at time: 7 us
run 100 ns
# KERNEL: stopped at time: 7100 ns
run 100 ns
# KERNEL: stopped at time: 7200 ns
run 100 ns
# KERNEL: stopped at time: 7300 ns
run 100 ns
# KERNEL: stopped at time: 7400 ns
run 100 ns
# KERNEL: stopped at time: 7500 ns
run 100 ns
# KERNEL: stopped at time: 7600 ns
run 100 ns
# KERNEL: stopped at time: 7700 ns
run 100 ns
# KERNEL: stopped at time: 7800 ns
run 100 ns
# KERNEL: stopped at time: 7900 ns
run 100 ns
# KERNEL: stopped at time: 8 us
run 100 ns
# KERNEL: stopped at time: 8100 ns
run 100 ns
# KERNEL: stopped at time: 8200 ns
run 100 ns
# KERNEL: stopped at time: 8300 ns
run 100 ns
# KERNEL: stopped at time: 8400 ns
run 100 ns
# KERNEL: stopped at time: 8500 ns
run 100 ns
# KERNEL: stopped at time: 8600 ns
run 100 ns
# KERNEL: stopped at time: 8700 ns
run 100 ns
# KERNEL: stopped at time: 8800 ns
run 100 ns
# KERNEL: stopped at time: 8900 ns
run 100 ns
# KERNEL: stopped at time: 9 us
run 100 ns
# KERNEL: stopped at time: 9100 ns
run 100 ns
# KERNEL: stopped at time: 9200 ns
run 100 ns
# KERNEL: stopped at time: 9300 ns
run 100 ns
# KERNEL: stopped at time: 9400 ns
restart
# ELBREAD: Elaboration process.
# ELBREAD: Elaboration time 0.0 [s].
# KERNEL: Main thread initiated.
# KERNEL: Kernel process initialization phase.
# ELAB2: Elaboration final pass...
# ELAB2: Create instances ...
# KERNEL: Time resolution set to 1ps.
# ELAB2: Create instances complete.
# SLP: Started
# SLP: Elaboration phase ...
# SLP: Elaboration phase ... skipped, nothing to simulate in SLP mode : 0.0 [s]
# SLP: Finished : 0.0 [s]
# ELAB2: Elaboration final pass complete - time: 0.0 [s].
# KERNEL: Kernel process initialization done.
# Allocation: Simulator allocated 6631 kB (elbread=427 elab2=6057 kernel=146 sdf=0)
# KERNEL: ASDB file was created in location C:\My_Designs\last_project_maze\maze_randome\src\wave.asdb
#  2:08 AM, Tuesday, January 21, 2025
#  Simulation has been initialized
# Waveform file 'untitled.awc' connected to 'C:/My_Designs/last_project_maze/maze_randome/src/wave.asdb'.
run 100 ns
# KERNEL: stopped at time: 100 ns
run 100 ns
# KERNEL: stopped at time: 200 ns
run 100 ns
# KERNEL: stopped at time: 300 ns
run 100 ns
# KERNEL: stopped at time: 400 ns
run 100 ns
# KERNEL: stopped at time: 500 ns
run 100 ns
# KERNEL: stopped at time: 600 ns
run 100 ns
# KERNEL: stopped at time: 700 ns
run 100 ns
# KERNEL: stopped at time: 800 ns
run 100 ns
# KERNEL: stopped at time: 900 ns
run 100 ns
# KERNEL: stopped at time: 1 us
run 100 ns
# KERNEL: stopped at time: 1100 ns
run 100 ns
# KERNEL: stopped at time: 1200 ns
run 100 ns
# KERNEL: stopped at time: 1300 ns
run 100 ns
# KERNEL: stopped at time: 1400 ns
run 100 ns
# KERNEL: stopped at time: 1500 ns
run 100 ns
# KERNEL: stopped at time: 1600 ns
run 100 ns
# KERNEL: stopped at time: 1700 ns
run 100 ns
# KERNEL: stopped at time: 1800 ns
run 100 ns
# KERNEL: stopped at time: 1900 ns
run 100 ns
# KERNEL: stopped at time: 2 us
run 100 ns
# KERNEL: stopped at time: 2100 ns
run 100 ns
# KERNEL: stopped at time: 2200 ns
run 100 ns
# KERNEL: stopped at time: 2300 ns
run 100 ns
# KERNEL: stopped at time: 2400 ns
run 100 ns
# KERNEL: stopped at time: 2500 ns
run 100 ns
# KERNEL: stopped at time: 2600 ns
run 100 ns
# KERNEL: stopped at time: 2700 ns
run 100 ns
# EXECUTION:: NOTE   : Testbench finished: Maze generation complete!
# EXECUTION:: Time: 2785 ns,  Iteration: 0,  Instance: /mazegenerator_tb,  Process: stimulus_process.
# KERNEL: stopped at time: 2800 ns
run 100 ns
# KERNEL: stopped at time: 2900 ns
run 100 ns
# KERNEL: stopped at time: 3 us
run 100 ns
# KERNEL: stopped at time: 3100 ns
run 100 ns
# KERNEL: stopped at time: 3200 ns
run 100 ns
# KERNEL: stopped at time: 3300 ns
run 100 ns
# KERNEL: stopped at time: 3400 ns
run 100 ns
# KERNEL: stopped at time: 3500 ns
run 100 ns
# KERNEL: stopped at time: 3600 ns
step
step
step -over
step -out
endsim
# VSIM: Simulation has finished.
acom -dbg -e 100 -work maze_randome -2002  $dsn/src/maze.vhd
# File: C:/My_Designs/last_project_maze/maze_randome/src/maze.vhd
# Compile Entity "MazeGenerator"
# Compile Architecture "Behavioral" of Entity "MazeGenerator"
# Compile success 0 Errors 0 Warnings  Analysis time :  47.0 [ms]
acom -dbg -e 100 -work maze_randome -2002  $dsn/src/TestBench/mazegenerator_TB.vhd
# File: C:/My_Designs/last_project_maze/maze_randome/src/TestBench/mazegenerator_TB.vhd
# Compile Entity "mazegenerator_tb"
# Compile Architecture "TB_ARCHITECTURE" of Entity "mazegenerator_tb"
# Compile Configuration "TESTBENCH_FOR_mazegenerator"
# Compile success 0 Errors 0 Warnings  Analysis time :  47.0 [ms]
SetActiveLib -work
comp -include "$dsn\src\maze.vhd" 
# File: C:/My_Designs/last_project_maze/maze_randome/src/maze.vhd
# Compile Entity "MazeGenerator"
# Compile Architecture "Behavioral" of Entity "MazeGenerator"
# Compile success 0 Errors 0 Warnings  Analysis time :  47.0 [ms]
comp -include "$dsn\src\TestBench\mazegenerator_TB.vhd" 
# File: C:/My_Designs/last_project_maze/maze_randome/src/TestBench/mazegenerator_TB.vhd
# Compile Entity "mazegenerator_tb"
# Compile Architecture "TB_ARCHITECTURE" of Entity "mazegenerator_tb"
# Compile Configuration "TESTBENCH_FOR_mazegenerator"
# Compile success 0 Errors 0 Warnings  Analysis time :  47.0 [ms]
asim +access +r TESTBENCH_FOR_mazegenerator 
# ELBREAD: Elaboration process.
# ELBREAD: Elaboration time 0.0 [s].
# VSIM: Stack memory: 32MB
# VSIM: Retval memory: 32MB
# KERNEL: Main thread initiated.
# KERNEL: Kernel process initialization phase.
# ELAB2: Elaboration final pass...
# ELAB2: Create instances ...
# KERNEL: Time resolution set to 1ps.
# ELAB2: Create instances complete.
# SLP: Started
# SLP: Elaboration phase ...
# SLP: Elaboration phase ... skipped, nothing to simulate in SLP mode : 0.0 [s]
# SLP: Finished : 0.0 [s]
# ELAB2: Elaboration final pass complete - time: 0.0 [s].
# KERNEL: Kernel process initialization done.
# Allocation: Simulator allocated 6629 kB (elbread=427 elab2=6056 kernel=145 sdf=0)
# KERNEL: ASDB file was created in location C:\My_Designs\last_project_maze\maze_randome\src\wave.asdb
#  2:35 AM, Tuesday, January 21, 2025
#  Simulation has been initialized
wave 
wave -noreg clk
wave -noreg reset
wave -noreg done_maze
wave -noreg maze_out
# # The following lines can be used for timing simulation
# # acom <backannotated_vhdl_file_name>
# # comp -include "$dsn\src\TestBench\mazegenerator_TB_tim_cfg.vhd" 
# # asim +access +r TIMING_FOR_mazegenerator 
# VSIM: 4 object(s) traced.
# Waveform file 'untitled.awc' connected to 'C:/My_Designs/last_project_maze/maze_randome/src/wave.asdb'.
run 100 ns
# KERNEL: stopped at time: 100 ns
run 100 ns
# KERNEL: stopped at time: 200 ns
run 100 ns
# KERNEL: stopped at time: 300 ns
run 100 ns
# KERNEL: stopped at time: 400 ns
run 100 ns
# KERNEL: stopped at time: 500 ns
run 100 ns
# KERNEL: stopped at time: 600 ns
run 100 ns
# KERNEL: stopped at time: 700 ns
run 100 ns
# KERNEL: stopped at time: 800 ns
run 100 ns
# KERNEL: stopped at time: 900 ns
run 100 ns
# KERNEL: stopped at time: 1 us
run 100 ns
# KERNEL: stopped at time: 1100 ns
run 100 ns
# KERNEL: stopped at time: 1200 ns
run 100 ns
# KERNEL: stopped at time: 1300 ns
run 100 ns
# KERNEL: stopped at time: 1400 ns
run 100 ns
# KERNEL: stopped at time: 1500 ns
run 100 ns
# KERNEL: stopped at time: 1600 ns
run 100 ns
# KERNEL: stopped at time: 1700 ns
run 100 ns
# KERNEL: stopped at time: 1800 ns
run 100 ns
# KERNEL: stopped at time: 1900 ns
run 100 ns
# KERNEL: stopped at time: 2 us
run 100 ns
# KERNEL: stopped at time: 2100 ns
run 100 ns
# KERNEL: stopped at time: 2200 ns
run 100 ns
# KERNEL: stopped at time: 2300 ns
run 100 ns
# KERNEL: stopped at time: 2400 ns
run 100 ns
# KERNEL: stopped at time: 2500 ns
run 100 ns
# KERNEL: stopped at time: 2600 ns
run 100 ns
# KERNEL: stopped at time: 2700 ns
run 100 ns
# KERNEL: stopped at time: 2800 ns
run 100 ns
# KERNEL: stopped at time: 2900 ns
run 100 ns
# KERNEL: stopped at time: 3 us
run 100 ns
# KERNEL: stopped at time: 3100 ns
run 100 ns
# KERNEL: stopped at time: 3200 ns
run 100 ns
# KERNEL: stopped at time: 3300 ns
run 100 ns
# KERNEL: stopped at time: 3400 ns
run 100 ns
# KERNEL: stopped at time: 3500 ns
run 100 ns
# KERNEL: stopped at time: 3600 ns
run 100 ns
# KERNEL: stopped at time: 3700 ns
run 100 ns
# KERNEL: stopped at time: 3800 ns
run 100 ns
# KERNEL: stopped at time: 3900 ns
run 100 ns
# KERNEL: stopped at time: 4 us
run 100 ns
# KERNEL: stopped at time: 4100 ns
run 100 ns
# KERNEL: stopped at time: 4200 ns
run 100 ns
# KERNEL: stopped at time: 4300 ns
run 100 ns
# KERNEL: stopped at time: 4400 ns
run 100 ns
# KERNEL: stopped at time: 4500 ns
run 100 ns
# KERNEL: stopped at time: 4600 ns
run 100 ns
# KERNEL: stopped at time: 4700 ns
run 100 ns
# KERNEL: stopped at time: 4800 ns
run 100 ns
# KERNEL: stopped at time: 4900 ns
run 100 ns
# KERNEL: stopped at time: 5 us
run 100 ns
# KERNEL: stopped at time: 5100 ns
run 100 ns
# KERNEL: stopped at time: 5200 ns
run 100 ns
# KERNEL: stopped at time: 5300 ns
run 100 ns
# KERNEL: stopped at time: 5400 ns
run 100 ns
# KERNEL: stopped at time: 5500 ns
run 100 ns
# KERNEL: stopped at time: 5600 ns
run 100 ns
# KERNEL: stopped at time: 5700 ns
run 100 ns
# KERNEL: stopped at time: 5800 ns
run 100 ns
# KERNEL: stopped at time: 5900 ns
run 100 ns
# KERNEL: stopped at time: 6 us
run 100 ns
# KERNEL: stopped at time: 6100 ns
run 100 ns
# KERNEL: stopped at time: 6200 ns
run 100 ns
# KERNEL: stopped at time: 6300 ns
run 100 ns
# KERNEL: stopped at time: 6400 ns
run 100 ns
# KERNEL: stopped at time: 6500 ns
run 100 ns
# KERNEL: stopped at time: 6600 ns
run 100 ns
# KERNEL: stopped at time: 6700 ns
run 100 ns
# KERNEL: stopped at time: 6800 ns
run 100 ns
# KERNEL: stopped at time: 6900 ns
run 100 ns
# KERNEL: stopped at time: 7 us
run 100 ns
# KERNEL: stopped at time: 7100 ns
run 100 ns
# KERNEL: stopped at time: 7200 ns
run 100 ns
# KERNEL: stopped at time: 7300 ns
run 100 ns
# KERNEL: stopped at time: 7400 ns
run 100 ns
# KERNEL: stopped at time: 7500 ns
run 100 ns
# KERNEL: stopped at time: 7600 ns
run 100 ns
# KERNEL: stopped at time: 7700 ns
run 100 ns
# KERNEL: stopped at time: 7800 ns
run 100 ns
# KERNEL: stopped at time: 7900 ns
run 100 ns
# KERNEL: stopped at time: 8 us
run 100 ns
# KERNEL: stopped at time: 8100 ns
run 100 ns
# KERNEL: stopped at time: 8200 ns
run 100 ns
# KERNEL: stopped at time: 8300 ns
run 100 ns
# KERNEL: stopped at time: 8400 ns
run 100 ns
# KERNEL: stopped at time: 8500 ns
run 100 ns
# KERNEL: stopped at time: 8600 ns
run 100 ns
# KERNEL: stopped at time: 8700 ns
run 100 ns
# KERNEL: stopped at time: 8800 ns
run 100 ns
# KERNEL: stopped at time: 8900 ns
run 100 ns
# KERNEL: stopped at time: 9 us
run 100 ns
# KERNEL: stopped at time: 9100 ns
run 100 ns
# KERNEL: stopped at time: 9200 ns
run 100 ns
# KERNEL: stopped at time: 9300 ns
run 100 ns
# KERNEL: stopped at time: 9400 ns
run 100 ns
# KERNEL: stopped at time: 9500 ns
run 100 ns
# KERNEL: stopped at time: 9600 ns
run 100 ns
# KERNEL: stopped at time: 9700 ns
run 100 ns
# KERNEL: stopped at time: 9800 ns
run 100 ns
# KERNEL: stopped at time: 9900 ns
run 100 ns
# KERNEL: stopped at time: 10 us
run 100 ns
# KERNEL: stopped at time: 10100 ns
run 100 ns
# KERNEL: stopped at time: 10200 ns
run 100 ns
# KERNEL: stopped at time: 10300 ns
run 100 ns
# KERNEL: stopped at time: 10400 ns
run 100 ns
# KERNEL: stopped at time: 10500 ns
run 100 ns
# KERNEL: stopped at time: 10600 ns
run 100 ns
# KERNEL: stopped at time: 10700 ns
run 100 ns
# KERNEL: stopped at time: 10800 ns
run 100 ns
# KERNEL: stopped at time: 10900 ns
run 100 ns
# KERNEL: stopped at time: 11 us
run 100 ns
# KERNEL: stopped at time: 11100 ns
run 100 ns
# KERNEL: stopped at time: 11200 ns
run 100 ns
# KERNEL: stopped at time: 11300 ns
run 100 ns
# KERNEL: stopped at time: 11400 ns
run 100 ns
# KERNEL: stopped at time: 11500 ns
run 100 ns
# KERNEL: stopped at time: 11600 ns
run 100 ns
# KERNEL: stopped at time: 11700 ns
run 100 ns
# KERNEL: stopped at time: 11800 ns
run 100 ns
# KERNEL: stopped at time: 11900 ns
run 100 ns
# KERNEL: stopped at time: 12 us
run 100 ns
# KERNEL: stopped at time: 12100 ns
run 100 ns
# KERNEL: stopped at time: 12200 ns
run 100 ns
# KERNEL: stopped at time: 12300 ns
run 100 ns
# KERNEL: stopped at time: 12400 ns
run 100 ns
# KERNEL: stopped at time: 12500 ns
run 100 ns
# KERNEL: stopped at time: 12600 ns
run 100 ns
# KERNEL: stopped at time: 12700 ns
run 100 ns
# KERNEL: stopped at time: 12800 ns
run 100 ns
# KERNEL: stopped at time: 12900 ns
run 100 ns
# KERNEL: stopped at time: 13 us
run 100 ns
# KERNEL: stopped at time: 13100 ns
run 100 ns
# KERNEL: stopped at time: 13200 ns
run 100 ns
# KERNEL: stopped at time: 13300 ns
run 100 ns
# KERNEL: stopped at time: 13400 ns
run 100 ns
# KERNEL: stopped at time: 13500 ns
run 100 ns
# KERNEL: stopped at time: 13600 ns
run 100 ns
# KERNEL: stopped at time: 13700 ns
run 100 ns
# KERNEL: stopped at time: 13800 ns
run 100 ns
# KERNEL: stopped at time: 13900 ns
run 100 ns
# KERNEL: stopped at time: 14 us
run 100 ns
# KERNEL: stopped at time: 14100 ns
run 100 ns
# KERNEL: stopped at time: 14200 ns
run 100 ns
# KERNEL: stopped at time: 14300 ns
run 100 ns
# KERNEL: stopped at time: 14400 ns
run 100 ns
# KERNEL: stopped at time: 14500 ns
run 100 ns
# KERNEL: stopped at time: 14600 ns
run 100 ns
# KERNEL: stopped at time: 14700 ns
run 100 ns
# KERNEL: stopped at time: 14800 ns
run 100 ns
# KERNEL: stopped at time: 14900 ns
run 100 ns
# KERNEL: stopped at time: 15 us
run 100 ns
# KERNEL: stopped at time: 15100 ns
run 100 ns
# KERNEL: stopped at time: 15200 ns
run 100 ns
# KERNEL: stopped at time: 15300 ns
run 100 ns
# KERNEL: stopped at time: 15400 ns
run 100 ns
# KERNEL: stopped at time: 15500 ns
run 100 ns
# KERNEL: stopped at time: 15600 ns
run 100 ns
# KERNEL: stopped at time: 15700 ns
run 100 ns
# KERNEL: stopped at time: 15800 ns
run 100 ns
# KERNEL: stopped at time: 15900 ns
run 100 ns
# KERNEL: stopped at time: 16 us
run 100 ns
# KERNEL: stopped at time: 16100 ns
run 100 ns
# KERNEL: stopped at time: 16200 ns
run 100 ns
# KERNEL: stopped at time: 16300 ns
run 100 ns
# KERNEL: stopped at time: 16400 ns
run 100 ns
# KERNEL: stopped at time: 16500 ns
run 100 ns
# KERNEL: stopped at time: 16600 ns
run 100 ns
# KERNEL: stopped at time: 16700 ns
run 100 ns
# KERNEL: stopped at time: 16800 ns
run 100 ns
# KERNEL: stopped at time: 16900 ns
run 100 ns
# KERNEL: stopped at time: 17 us
run 100 ns
# KERNEL: stopped at time: 17100 ns
run 100 ns
# KERNEL: stopped at time: 17200 ns
run 100 ns
# KERNEL: stopped at time: 17300 ns
run 100 ns
# KERNEL: stopped at time: 17400 ns
run 100 ns
# KERNEL: stopped at time: 17500 ns
run 100 ns
# KERNEL: stopped at time: 17600 ns
run 100 ns
# KERNEL: stopped at time: 17700 ns
run 100 ns
# KERNEL: stopped at time: 17800 ns
run 100 ns
# KERNEL: stopped at time: 17900 ns
run 100 ns
# KERNEL: stopped at time: 18 us
run 100 ns
# KERNEL: stopped at time: 18100 ns
run 100 ns
# KERNEL: stopped at time: 18200 ns
run 100 ns
# KERNEL: stopped at time: 18300 ns
run 100 ns
# KERNEL: stopped at time: 18400 ns
run 100 ns
# KERNEL: stopped at time: 18500 ns
run 100 ns
# KERNEL: stopped at time: 18600 ns
run 100 ns
# KERNEL: stopped at time: 18700 ns
run 100 ns
# KERNEL: stopped at time: 18800 ns
run 100 ns
# KERNEL: stopped at time: 18900 ns
run 100 ns
# KERNEL: stopped at time: 19 us
run 100 ns
# KERNEL: stopped at time: 19100 ns
run 100 ns
# KERNEL: stopped at time: 19200 ns
run 100 ns
# KERNEL: stopped at time: 19300 ns
run 100 ns
# KERNEL: stopped at time: 19400 ns
run 100 ns
# KERNEL: stopped at time: 19500 ns
run 100 ns
# KERNEL: stopped at time: 19600 ns
run 100 ns
# KERNEL: stopped at time: 19700 ns
run 100 ns
# KERNEL: stopped at time: 19800 ns
run 100 ns
# KERNEL: stopped at time: 19900 ns
run 100 ns
# KERNEL: stopped at time: 20 us
run 100 ns
# KERNEL: stopped at time: 20100 ns
run 100 ns
# KERNEL: stopped at time: 20200 ns
run 100 ns
# KERNEL: stopped at time: 20300 ns
run 100 ns
# KERNEL: stopped at time: 20400 ns
run 100 ns
# KERNEL: stopped at time: 20500 ns
run 100 ns
# KERNEL: stopped at time: 20600 ns
run 100 ns
# KERNEL: stopped at time: 20700 ns
run 100 ns
# KERNEL: stopped at time: 20800 ns
run 100 ns
# KERNEL: stopped at time: 20900 ns
run 100 ns
# KERNEL: stopped at time: 21 us
run 100 ns
# KERNEL: stopped at time: 21100 ns
run 100 ns
# KERNEL: stopped at time: 21200 ns
run 100 ns
# KERNEL: stopped at time: 21300 ns
run 100 ns
# KERNEL: stopped at time: 21400 ns
run 100 ns
# KERNEL: stopped at time: 21500 ns
run 100 ns
# KERNEL: stopped at time: 21600 ns
run 100 ns
# KERNEL: stopped at time: 21700 ns
run 100 ns
# KERNEL: stopped at time: 21800 ns
run 100 ns
# KERNEL: stopped at time: 21900 ns
run 100 ns
# KERNEL: stopped at time: 22 us
run 100 ns
# KERNEL: stopped at time: 22100 ns
run 100 ns
# KERNEL: stopped at time: 22200 ns
run 100 ns
# KERNEL: stopped at time: 22300 ns
run 100 ns
# KERNEL: stopped at time: 22400 ns
run 100 ns
# KERNEL: stopped at time: 22500 ns
run 100 ns
# KERNEL: stopped at time: 22600 ns
run 100 ns
# KERNEL: stopped at time: 22700 ns
run 100 ns
# KERNEL: stopped at time: 22800 ns
run 100 ns
# KERNEL: stopped at time: 22900 ns
run 100 ns
# KERNEL: stopped at time: 23 us
run 100 ns
# KERNEL: stopped at time: 23100 ns
run 100 ns
# KERNEL: stopped at time: 23200 ns
run 100 ns
# KERNEL: stopped at time: 23300 ns
run 100 ns
# KERNEL: stopped at time: 23400 ns
run 100 ns
# KERNEL: stopped at time: 23500 ns
run 100 ns
# KERNEL: stopped at time: 23600 ns
run 100 ns
# KERNEL: stopped at time: 23700 ns
run 100 ns
# KERNEL: stopped at time: 23800 ns
run 100 ns
# KERNEL: stopped at time: 23900 ns
run 100 ns
# KERNEL: stopped at time: 24 us
run 100 ns
# KERNEL: stopped at time: 24100 ns
run 100 ns
# KERNEL: stopped at time: 24200 ns
run 100 ns
# KERNEL: stopped at time: 24300 ns
run 100 ns
# KERNEL: stopped at time: 24400 ns
run 100 ns
# KERNEL: stopped at time: 24500 ns
run 100 ns
# KERNEL: stopped at time: 24600 ns
run 100 ns
# KERNEL: stopped at time: 24700 ns
run 100 ns
# KERNEL: stopped at time: 24800 ns
run 100 ns
# KERNEL: stopped at time: 24900 ns
run 100 ns
# KERNEL: stopped at time: 25 us
run 100 ns
# KERNEL: stopped at time: 25100 ns
run 100 ns
# KERNEL: stopped at time: 25200 ns
run 100 ns
# KERNEL: stopped at time: 25300 ns
run 100 ns
# KERNEL: stopped at time: 25400 ns
run 100 ns
# KERNEL: stopped at time: 25500 ns
run 100 ns
# KERNEL: stopped at time: 25600 ns
run 100 ns
# KERNEL: stopped at time: 25700 ns
run 100 ns
# KERNEL: stopped at time: 25800 ns
run @25.9us
# KERNEL: stopped at time: 25900 ns
run @100000ns
# KERNEL: stopped at time: 100 us
run 100 ns
# KERNEL: stopped at time: 100100 ns
run 100 ns
# KERNEL: stopped at time: 100200 ns
run 100 ns
# KERNEL: stopped at time: 100300 ns
run 100 ns
# KERNEL: stopped at time: 100400 ns
run 100 ns
# KERNEL: stopped at time: 100500 ns
run 100 ns
# KERNEL: stopped at time: 100600 ns
run 100 ns
# KERNEL: stopped at time: 100700 ns
run 100 ns
# KERNEL: stopped at time: 100800 ns
run 100 ns
# KERNEL: stopped at time: 100900 ns
run 100 ns
# KERNEL: stopped at time: 101 us
run 100 ns
# KERNEL: stopped at time: 101100 ns
run 100 ns
# KERNEL: stopped at time: 101200 ns
run 100 ns
# KERNEL: stopped at time: 101300 ns
run 100 ns
# KERNEL: stopped at time: 101400 ns
run 100 ns
# KERNEL: stopped at time: 101500 ns
run 100 ns
# KERNEL: stopped at time: 101600 ns
run 1000000ns
# KERNEL: stopped at time: 1101600 ns
run 1000000ns
# KERNEL: stopped at time: 2101600 ns
run 1000000ns
# KERNEL: stopped at time: 3101600 ns
run 1000000ns
# KERNEL: stopped at time: 4101600 ns
run 1000000ns
# KERNEL: stopped at time: 5101600 ns
run 1000000ns
# KERNEL: stopped at time: 6101600 ns
run 1000000ns
# KERNEL: stopped at time: 7101600 ns
run 1000000ns
# KERNEL: stopped at time: 8101600 ns
run 1000000ns
# KERNEL: stopped at time: 9101600 ns
run 1000000ns
# KERNEL: stopped at time: 10101600 ns
run 1000000ns
# KERNEL: stopped at time: 11101600 ns
run 1000000ns
# KERNEL: stopped at time: 12101600 ns
run 1000000ns
# KERNEL: stopped at time: 13101600 ns
run 1000000ns
# KERNEL: stopped at time: 14101600 ns
run 1000000ns
# KERNEL: stopped at time: 15101600 ns
run 1000000ns
# KERNEL: stopped at time: 16101600 ns
run 1000000ns
# KERNEL: stopped at time: 17101600 ns
run 1000000ns
# KERNEL: stopped at time: 18101600 ns
run 1000000ns
# KERNEL: stopped at time: 19101600 ns
run 1000000ns
# KERNEL: stopped at time: 20101600 ns
run 1000000ns
# KERNEL: stopped at time: 21101600 ns
run 1000000ns
# KERNEL: stopped at time: 22101600 ns
run 1000000ns
# KERNEL: stopped at time: 23101600 ns
run 1000000ns
# KERNEL: stopped at time: 24101600 ns
run 1000000ns
# KERNEL: stopped at time: 25101600 ns
run 1000000ns
# KERNEL: stopped at time: 26101600 ns
run 1000000ns
# KERNEL: stopped at time: 27101600 ns
endsim
# VSIM: Simulation has finished.
acom -dbg -e 100 -work maze_randome -2002  $dsn/src/maze.vhd $dsn/src/package_maz.vhd $dsn/src/TestBench/mazegenerator_TB.vhd
# File: C:/My_Designs/last_project_maze/maze_randome/src/maze.vhd
# Compile Entity "MazeGenerator"
# Compile Architecture "Behavioral" of Entity "MazeGenerator"
# File: C:/My_Designs/last_project_maze/maze_randome/src/package_maz.vhd
# Compile Package "maze_package"
# Compile Package Body "maze_package"
# File: C:/My_Designs/last_project_maze/maze_randome/src/TestBench/mazegenerator_TB.vhd
# Compile Entity "mazegenerator_tb"
# Compile Architecture "TB_ARCHITECTURE" of Entity "mazegenerator_tb"
# Compile Configuration "TESTBENCH_FOR_mazegenerator"
# Compile success 0 Errors 0 Warnings  Analysis time :  94.0 [ms]
acom -dbg -e 100 -work maze_randome -2002  $dsn/src/TestBench/mazegenerator_TB.vhd
# File: C:/My_Designs/last_project_maze/maze_randome/src/TestBench/mazegenerator_TB.vhd
# Compile Entity "mazegenerator_tb"
# Compile Architecture "TB_ARCHITECTURE" of Entity "mazegenerator_tb"
# Compile Configuration "TESTBENCH_FOR_mazegenerator"
# Compile success 0 Errors 0 Warnings  Analysis time :  32.0 [ms]
SetActiveLib -work
comp -include "$dsn\src\maze.vhd" 
# File: C:/My_Designs/last_project_maze/maze_randome/src/maze.vhd
# Compile Entity "MazeGenerator"
# Compile Architecture "Behavioral" of Entity "MazeGenerator"
# Compile success 0 Errors 0 Warnings  Analysis time :  31.0 [ms]
comp -include "$dsn\src\TestBench\mazegenerator_TB.vhd" 
# File: C:/My_Designs/last_project_maze/maze_randome/src/TestBench/mazegenerator_TB.vhd
# Compile Entity "mazegenerator_tb"
# Compile Architecture "TB_ARCHITECTURE" of Entity "mazegenerator_tb"
# Compile Configuration "TESTBENCH_FOR_mazegenerator"
# Compile success 0 Errors 0 Warnings  Analysis time :  31.0 [ms]
asim +access +r TESTBENCH_FOR_mazegenerator 
# ELBREAD: Elaboration process.
# ELBREAD: Elaboration time 0.0 [s].
# VSIM: Stack memory: 32MB
# VSIM: Retval memory: 32MB
# KERNEL: Main thread initiated.
# KERNEL: Kernel process initialization phase.
# ELAB2: Elaboration final pass...
# ELAB2: Create instances ...
# KERNEL: Time resolution set to 1ps.
# ELAB2: Create instances complete.
# SLP: Started
# SLP: Elaboration phase ...
# SLP: Elaboration phase ... skipped, nothing to simulate in SLP mode : 0.0 [s]
# SLP: Finished : 0.0 [s]
# ELAB2: Elaboration final pass complete - time: 0.0 [s].
# KERNEL: Kernel process initialization done.
# Allocation: Simulator allocated 6630 kB (elbread=427 elab2=6057 kernel=146 sdf=0)
# KERNEL: ASDB file was created in location C:\My_Designs\last_project_maze\maze_randome\src\wave.asdb
#  2:41 AM, Tuesday, January 21, 2025
#  Simulation has been initialized
wave 
wave -noreg clk
wave -noreg reset
wave -noreg done_maze
wave -noreg maze_out
# # The following lines can be used for timing simulation
# # acom <backannotated_vhdl_file_name>
# # comp -include "$dsn\src\TestBench\mazegenerator_TB_tim_cfg.vhd" 
# # asim +access +r TIMING_FOR_mazegenerator 
# VSIM: 4 object(s) traced.
# Waveform file 'untitled.awc' connected to 'C:/My_Designs/last_project_maze/maze_randome/src/wave.asdb'.
run 1000000ns
# EXECUTION:: NOTE   : Testbench finished: Maze generation complete!
# EXECUTION:: Time: 3335 ns,  Iteration: 0,  Instance: /mazegenerator_tb,  Process: stimulus_process.
# KERNEL: stopped at time: 1 ms
run 1000000ns
# KERNEL: stopped at time: 2 ms
run 1000000ns
# KERNEL: stopped at time: 3 ms
run 1000000ns
# KERNEL: stopped at time: 4 ms
run 1000000ns
# KERNEL: stopped at time: 5 ms
run 1000000ns
# KERNEL: stopped at time: 6 ms
run 1000000ns
# KERNEL: stopped at time: 7 ms
run 1000000ns
# KERNEL: stopped at time: 8 ms
run 1000000ns
# KERNEL: stopped at time: 9 ms
restart
# ELBREAD: Elaboration process.
# ELBREAD: Elaboration time 0.0 [s].
# KERNEL: Main thread initiated.
# KERNEL: Kernel process initialization phase.
# ELAB2: Elaboration final pass...
# ELAB2: Create instances ...
# KERNEL: Time resolution set to 1ps.
# ELAB2: Create instances complete.
# SLP: Started
# SLP: Elaboration phase ...
# SLP: Elaboration phase ... skipped, nothing to simulate in SLP mode : 0.0 [s]
# SLP: Finished : 0.0 [s]
# ELAB2: Elaboration final pass complete - time: 0.0 [s].
# KERNEL: Kernel process initialization done.
# Allocation: Simulator allocated 6630 kB (elbread=427 elab2=6057 kernel=146 sdf=0)
# KERNEL: ASDB file was created in location C:\My_Designs\last_project_maze\maze_randome\src\wave.asdb
#  2:41 AM, Tuesday, January 21, 2025
#  Simulation has been initialized
# Waveform file 'untitled.awc' connected to 'C:/My_Designs/last_project_maze/maze_randome/src/wave.asdb'.
run 1000000ns
# EXECUTION:: NOTE   : Testbench finished: Maze generation complete!
# EXECUTION:: Time: 3335 ns,  Iteration: 0,  Instance: /mazegenerator_tb,  Process: stimulus_process.
# KERNEL: stopped at time: 1 ms
run 1000000ns
# KERNEL: stopped at time: 2 ms
restart
# ELBREAD: Elaboration process.
# ELBREAD: Elaboration time 0.0 [s].
# KERNEL: Main thread initiated.
# KERNEL: Kernel process initialization phase.
# ELAB2: Elaboration final pass...
# ELAB2: Create instances ...
# KERNEL: Time resolution set to 1ps.
# ELAB2: Create instances complete.
# SLP: Started
# SLP: Elaboration phase ...
# SLP: Elaboration phase ... skipped, nothing to simulate in SLP mode : 0.0 [s]
# SLP: Finished : 0.0 [s]
# ELAB2: Elaboration final pass complete - time: 0.0 [s].
# KERNEL: Kernel process initialization done.
# Allocation: Simulator allocated 6630 kB (elbread=427 elab2=6057 kernel=146 sdf=0)
# KERNEL: ASDB file was created in location C:\My_Designs\last_project_maze\maze_randome\src\wave.asdb
#  2:41 AM, Tuesday, January 21, 2025
#  Simulation has been initialized
# Waveform file 'untitled.awc' connected to 'C:/My_Designs/last_project_maze/maze_randome/src/wave.asdb'.
run 1000000ns
# EXECUTION:: NOTE   : Testbench finished: Maze generation complete!
# EXECUTION:: Time: 3335 ns,  Iteration: 0,  Instance: /mazegenerator_tb,  Process: stimulus_process.
# KERNEL: stopped at time: 1 ms
acom -dbg -e 100 -work maze_randome -2002  $dsn/src/maze.vhd
# File: C:/My_Designs/last_project_maze/maze_randome/src/maze.vhd
# Compile Entity "MazeGenerator"
# Compile Architecture "Behavioral" of Entity "MazeGenerator"
# Compile success 0 Errors 0 Warnings  Analysis time :  47.0 [ms]
acom -dbg -e 100 -work maze_randome -2002  $dsn/src/maze.vhd
# File: C:/My_Designs/last_project_maze/maze_randome/src/maze.vhd
# Compile Entity "MazeGenerator"
# Compile Architecture "Behavioral" of Entity "MazeGenerator"
# Compile success 0 Errors 0 Warnings  Analysis time :  31.0 [ms]
acom -dbg -e 100 -work maze_randome -2002  $dsn/src/TestBench/mazegenerator_TB.vhd
# File: C:/My_Designs/last_project_maze/maze_randome/src/TestBench/mazegenerator_TB.vhd
# Compile Entity "mazegenerator_tb"
# Compile Architecture "TB_ARCHITECTURE" of Entity "mazegenerator_tb"
# Compile Configuration "TESTBENCH_FOR_mazegenerator"
# Compile success 0 Errors 0 Warnings  Analysis time :  16.0 [ms]
SetActiveLib -work
comp -include "$dsn\src\maze.vhd" 
# File: C:/My_Designs/last_project_maze/maze_randome/src/maze.vhd
# Compile Entity "MazeGenerator"
# Compile Architecture "Behavioral" of Entity "MazeGenerator"
# Compile success 0 Errors 0 Warnings  Analysis time :  31.0 [ms]
comp -include "$dsn\src\TestBench\mazegenerator_TB.vhd" 
# File: C:/My_Designs/last_project_maze/maze_randome/src/TestBench/mazegenerator_TB.vhd
# Compile Entity "mazegenerator_tb"
# Compile Architecture "TB_ARCHITECTURE" of Entity "mazegenerator_tb"
# Compile Configuration "TESTBENCH_FOR_mazegenerator"
# Compile success 0 Errors 0 Warnings  Analysis time :  31.0 [ms]
asim +access +r TESTBENCH_FOR_mazegenerator 
# VSIM: Simulation has finished.
# ELBREAD: Elaboration process.
# ELBREAD: Elaboration time 0.0 [s].
# VSIM: Stack memory: 32MB
# VSIM: Retval memory: 32MB
# KERNEL: Main thread initiated.
# KERNEL: Kernel process initialization phase.
# ELAB2: Elaboration final pass...
# ELAB2: Create instances ...
# KERNEL: Time resolution set to 1ps.
# ELAB2: Create instances complete.
# SLP: Started
# SLP: Elaboration phase ...
# SLP: Elaboration phase ... skipped, nothing to simulate in SLP mode : 0.0 [s]
# SLP: Finished : 0.0 [s]
# ELAB2: Elaboration final pass complete - time: 0.0 [s].
# KERNEL: Kernel process initialization done.
# Allocation: Simulator allocated 6629 kB (elbread=427 elab2=6056 kernel=145 sdf=0)
# KERNEL: ASDB file was created in location C:\My_Designs\last_project_maze\maze_randome\src\wave.asdb
#  2:43 AM, Tuesday, January 21, 2025
#  Simulation has been initialized
wave 
wave -noreg clk
wave -noreg reset
wave -noreg done_maze
wave -noreg maze_out
# # The following lines can be used for timing simulation
# # acom <backannotated_vhdl_file_name>
# # comp -include "$dsn\src\TestBench\mazegenerator_TB_tim_cfg.vhd" 
# # asim +access +r TIMING_FOR_mazegenerator 
# VSIM: 4 object(s) traced.
# Waveform file 'untitled.awc' connected to 'C:/My_Designs/last_project_maze/maze_randome/src/wave.asdb'.
run 1000000ns
# KERNEL: stopped at time: 1 ms
run 1000000ns
# KERNEL: stopped at time: 2 ms
run 1000000ns
# KERNEL: stopped at time: 3 ms
run 1000000ns
# KERNEL: stopped at time: 4 ms
acom -dbg -e 100 -work maze_randome -2002  $dsn/src/TestBench/mazegenerator_TB.vhd
# File: C:/My_Designs/last_project_maze/maze_randome/src/TestBench/mazegenerator_TB.vhd
# Compile Entity "mazegenerator_tb"
# Compile Architecture "TB_ARCHITECTURE" of Entity "mazegenerator_tb"
# Compile Configuration "TESTBENCH_FOR_mazegenerator"
# Compile success 0 Errors 0 Warnings  Analysis time :  32.0 [ms]
acom -dbg -e 100 -work maze_randome -2002  $dsn/src/maze.vhd
# File: C:/My_Designs/last_project_maze/maze_randome/src/maze.vhd
# Compile Entity "MazeGenerator"
# Compile Architecture "Behavioral" of Entity "MazeGenerator"
# Error: COMP96_0019: maze.vhd : (165, 32): Keyword 'then' expected.
# Error: COMP96_0019: maze.vhd : (170, 12): Keyword 'case' expected.
# Error: COMP96_0036: maze.vhd : (170, 14): Boolean expression expected.
# Error: COMP96_0019: maze.vhd : (182, 5): Keyword 'end' expected.
# Error: COMP96_0019: maze.vhd : (193, 5): Keyword 'end' expected.
# Error: COMP96_0019: maze.vhd : (196, 5): Keyword 'end' expected.
# Error: COMP96_0016: maze.vhd : (196, 10): Design unit declaration expected.
# Compile failure 7 Errors 0 Warnings  Analysis time :  32.0 [ms]
acom -dbg -e 100 -work maze_randome -2002  $dsn/src/maze.vhd
# File: C:/My_Designs/last_project_maze/maze_randome/src/maze.vhd
# Compile Entity "MazeGenerator"
# Compile Architecture "Behavioral" of Entity "MazeGenerator"
# Compile success 0 Errors 0 Warnings  Analysis time :  47.0 [ms]
acom -dbg -e 100 -work maze_randome -2002  $dsn/src/TestBench/mazegenerator_TB.vhd
# File: C:/My_Designs/last_project_maze/maze_randome/src/TestBench/mazegenerator_TB.vhd
# Compile Entity "mazegenerator_tb"
# Compile Architecture "TB_ARCHITECTURE" of Entity "mazegenerator_tb"
# Compile Configuration "TESTBENCH_FOR_mazegenerator"
# Compile success 0 Errors 0 Warnings  Analysis time :  16.0 [ms]
SetActiveLib -work
comp -include "$dsn\src\maze.vhd" 
# File: C:/My_Designs/last_project_maze/maze_randome/src/maze.vhd
# Compile Entity "MazeGenerator"
# Compile Architecture "Behavioral" of Entity "MazeGenerator"
# Compile success 0 Errors 0 Warnings  Analysis time :  47.0 [ms]
comp -include "$dsn\src\TestBench\mazegenerator_TB.vhd" 
# File: C:/My_Designs/last_project_maze/maze_randome/src/TestBench/mazegenerator_TB.vhd
# Compile Entity "mazegenerator_tb"
# Compile Architecture "TB_ARCHITECTURE" of Entity "mazegenerator_tb"
# Compile Configuration "TESTBENCH_FOR_mazegenerator"
# Compile success 0 Errors 0 Warnings  Analysis time :  16.0 [ms]
asim +access +r TESTBENCH_FOR_mazegenerator 
# VSIM: Simulation has finished.
# ELBREAD: Elaboration process.
# ELBREAD: Elaboration time 0.0 [s].
# VSIM: Stack memory: 32MB
# VSIM: Retval memory: 32MB
# KERNEL: Main thread initiated.
# KERNEL: Kernel process initialization phase.
# ELAB2: Elaboration final pass...
# ELAB2: Create instances ...
# KERNEL: Time resolution set to 1ps.
# ELAB2: Create instances complete.
# SLP: Started
# SLP: Elaboration phase ...
# SLP: Elaboration phase ... skipped, nothing to simulate in SLP mode : 0.0 [s]
# SLP: Finished : 0.0 [s]
# ELAB2: Elaboration final pass complete - time: 0.0 [s].
# KERNEL: Kernel process initialization done.
# Allocation: Simulator allocated 6630 kB (elbread=427 elab2=6057 kernel=145 sdf=0)
# KERNEL: ASDB file was created in location C:\My_Designs\last_project_maze\maze_randome\src\wave.asdb
#  3:03 AM, Tuesday, January 21, 2025
#  Simulation has been initialized
wave 
wave -noreg clk
wave -noreg reset
wave -noreg done_maze
wave -noreg maze_out
# # The following lines can be used for timing simulation
# # acom <backannotated_vhdl_file_name>
# # comp -include "$dsn\src\TestBench\mazegenerator_TB_tim_cfg.vhd" 
# # asim +access +r TIMING_FOR_mazegenerator 
# VSIM: 4 object(s) traced.
# Waveform file 'untitled.awc' connected to 'C:/My_Designs/last_project_maze/maze_randome/src/wave.asdb'.
run 10000ns
# EXECUTION:: NOTE   : Testbench finished: Maze generation complete!
# EXECUTION:: Time: 3285 ns,  Iteration: 0,  Instance: /mazegenerator_tb,  Process: stimulus_process.
# KERNEL: stopped at time: 10 us
acom -dbg -e 100 -work maze_randome -2002  $dsn/src/maze.vhd
# File: C:/My_Designs/last_project_maze/maze_randome/src/maze.vhd
# Compile Entity "MazeGenerator"
# Compile Architecture "Behavioral" of Entity "MazeGenerator"
# Error: COMP96_0049: maze.vhd : (121, 86): Syntax error in expression.
# Compile failure 1 Errors 0 Warnings  Analysis time :  63.0 [ms]
acom -dbg -e 100 -work maze_randome -2002  $dsn/src/maze.vhd
# File: C:/My_Designs/last_project_maze/maze_randome/src/maze.vhd
# Compile Entity "MazeGenerator"
# Compile Architecture "Behavioral" of Entity "MazeGenerator"
# Compile success 0 Errors 0 Warnings  Analysis time :  47.0 [ms]
acom -dbg -e 100 -work maze_randome -2002  $dsn/src/maze.vhd
# File: C:/My_Designs/last_project_maze/maze_randome/src/maze.vhd
# Compile Entity "MazeGenerator"
# Compile Architecture "Behavioral" of Entity "MazeGenerator"
# Compile success 0 Errors 0 Warnings  Analysis time :  31.0 [ms]
acom -dbg -e 100 -work maze_randome -2002  $dsn/src/TestBench/mazegenerator_TB.vhd
# File: C:/My_Designs/last_project_maze/maze_randome/src/TestBench/mazegenerator_TB.vhd
# Compile Entity "mazegenerator_tb"
# Compile Architecture "TB_ARCHITECTURE" of Entity "mazegenerator_tb"
# Compile Configuration "TESTBENCH_FOR_mazegenerator"
# Compile success 0 Errors 0 Warnings  Analysis time :  47.0 [ms]
SetActiveLib -work
comp -include "$dsn\src\maze.vhd" 
# File: C:/My_Designs/last_project_maze/maze_randome/src/maze.vhd
# Compile Entity "MazeGenerator"
# Compile Architecture "Behavioral" of Entity "MazeGenerator"
# Compile success 0 Errors 0 Warnings  Analysis time :  46.0 [ms]
comp -include "$dsn\src\TestBench\mazegenerator_TB.vhd" 
# File: C:/My_Designs/last_project_maze/maze_randome/src/TestBench/mazegenerator_TB.vhd
# Compile Entity "mazegenerator_tb"
# Compile Architecture "TB_ARCHITECTURE" of Entity "mazegenerator_tb"
# Compile Configuration "TESTBENCH_FOR_mazegenerator"
# Compile success 0 Errors 0 Warnings  Analysis time :  16.0 [ms]
asim +access +r TESTBENCH_FOR_mazegenerator 
# VSIM: Simulation has finished.
# ELBREAD: Elaboration process.
# ELBREAD: Elaboration time 0.0 [s].
# VSIM: Stack memory: 32MB
# VSIM: Retval memory: 32MB
# KERNEL: Main thread initiated.
# KERNEL: Kernel process initialization phase.
# ELAB2: Elaboration final pass...
# ELAB2: Create instances ...
# KERNEL: Time resolution set to 1ps.
# ELAB2: Create instances complete.
# SLP: Started
# SLP: Elaboration phase ...
# SLP: Elaboration phase ... skipped, nothing to simulate in SLP mode : 0.0 [s]
# SLP: Finished : 0.0 [s]
# ELAB2: Elaboration final pass complete - time: 0.0 [s].
# KERNEL: Kernel process initialization done.
# Allocation: Simulator allocated 6630 kB (elbread=427 elab2=6057 kernel=145 sdf=0)
# KERNEL: ASDB file was created in location C:\My_Designs\last_project_maze\maze_randome\src\wave.asdb
#  3:32 AM, Tuesday, January 21, 2025
#  Simulation has been initialized
wave 
wave -noreg clk
wave -noreg reset
wave -noreg done_maze
wave -noreg maze_out
# # The following lines can be used for timing simulation
# # acom <backannotated_vhdl_file_name>
# # comp -include "$dsn\src\TestBench\mazegenerator_TB_tim_cfg.vhd" 
# # asim +access +r TIMING_FOR_mazegenerator 
# VSIM: 4 object(s) traced.
# Waveform file 'untitled.awc' connected to 'C:/My_Designs/last_project_maze/maze_randome/src/wave.asdb'.
run 10000ns
# EXECUTION:: NOTE   : Testbench finished: Maze generation complete!
# EXECUTION:: Time: 3285 ns,  Iteration: 0,  Instance: /mazegenerator_tb,  Process: stimulus_process.
# KERNEL: stopped at time: 10 us
acom -dbg -e 100 -work maze_randome -2002  $dsn/src/maze.vhd
# File: C:/My_Designs/last_project_maze/maze_randome/src/maze.vhd
# Compile Entity "MazeGenerator"
# Compile Architecture "Behavioral" of Entity "MazeGenerator"
# Compile success 0 Errors 0 Warnings  Analysis time :  47.0 [ms]
acom -dbg -e 100 -work maze_randome -2002  $dsn/src/maze.vhd
# File: C:/My_Designs/last_project_maze/maze_randome/src/maze.vhd
# Compile Entity "MazeGenerator"
# Compile Architecture "Behavioral" of Entity "MazeGenerator"
# Compile success 0 Errors 0 Warnings  Analysis time :  31.0 [ms]
acom -dbg -e 100 -work maze_randome -2002  $dsn/src/maze.vhd
# File: C:/My_Designs/last_project_maze/maze_randome/src/maze.vhd
# Compile Entity "MazeGenerator"
# Compile Architecture "Behavioral" of Entity "MazeGenerator"
# Error: COMP96_0049: maze.vhd : (121, 86): Syntax error in expression.
# Compile failure 1 Errors 0 Warnings  Analysis time :  16.0 [ms]
acom -dbg -e 100 -work maze_randome -2002  $dsn/src/maze.vhd
# File: C:/My_Designs/last_project_maze/maze_randome/src/maze.vhd
# Compile Entity "MazeGenerator"
# Compile Architecture "Behavioral" of Entity "MazeGenerator"
# Compile success 0 Errors 0 Warnings  Analysis time :  47.0 [ms]
