Active-HDL 13.0.375.8320 2025-01-21 03:32:59

Elaboration top modules:
VHDL Configuration            testbench_for_mazegenerator


-----------------------------------------------------------------------------------------------------------
Entity           | Architecture    | Library      | Info | Compiler Version          | Compilation Options
-----------------------------------------------------------------------------------------------------------
mazegenerator_tb | TB_ARCHITECTURE | maze_randome |      | 13.0.375.8320 (Windows64) | -dbg
MazeGenerator    | Behavioral      | maze_randome |      | 13.0.375.8320 (Windows64) | -dbg
-----------------------------------------------------------------------------------------------------------

-----------------------------------------------------------------------------------------------------------
VHDL Configuration                 | Library      | Info | Compiler Version          | Compilation Options
-----------------------------------------------------------------------------------------------------------
testbench_for_mazegenerator        | maze_randome |      | 13.0.375.8320 (Windows64) | -dbg
-----------------------------------------------------------------------------------------------------------

-----------------------------------------------------------------------------------------------------------
VHDL Package                       | Library      | Info | Compiler Version          | Compilation Options
-----------------------------------------------------------------------------------------------------------
standard                           | std          |      |                           | <unavailable>
TEXTIO                             | std          |      | 13.0.375.8320 (Windows64) |  -2019
std_logic_1164                     | ieee         |      | 13.0.375.8320 (Windows64) |  -2008
maze_package                       | maze_randome |      | 13.0.375.8320 (Windows64) | -dbg
NUMERIC_STD                        | ieee         |      | 13.0.375.8320 (Windows64) |  -2008
-----------------------------------------------------------------------------------------------------------

-----------------------------------------------------------------------------------------------------------
Library                            | Comment
-----------------------------------------------------------------------------------------------------------
ieee                               | Standard IEEE packages library
maze_randome                       | None
std                                | Standard VHDL library
-----------------------------------------------------------------------------------------------------------


Simulation Options: asim +access +r TESTBENCH_FOR_mazegenerator

